<?xml version="1.0" encoding="UTF-8"?>
<!-- Generated by org.testng.reporters.JUnitReportReporter -->
<testsuite hostname="L-INE-CBRCQG3" failures="0" tests="28" name="testRunner.RunnerClass" time="297.177" errors="1" timestamp="2025-01-17T15:25:31 IST" skipped="0">
  <testcase classname="testRunner.RunnerClass" name="runScenario" time="14.394"/>
  <testcase classname="testRunner.RunnerClass" name="runScenario" time="3.859"/>
  <testcase classname="testRunner.RunnerClass" name="runScenario" time="18.184"/>
  <testcase classname="testRunner.RunnerClass" name="runScenario" time="3.839"/>
  <testcase classname="testRunner.RunnerClass" name="runScenario" time="3.042"/>
  <testcase classname="testRunner.RunnerClass" name="runScenario" time="18.391"/>
  <testcase classname="testRunner.RunnerClass" name="runScenario" time="3.877"/>
  <testcase classname="testRunner.RunnerClass" name="runScenario" time="9.864"/>
  <testcase classname="testRunner.RunnerClass" name="runScenario" time="9.476"/>
  <testcase classname="testRunner.RunnerClass" name="runScenario" time="18.223"/>
  <testcase classname="testRunner.RunnerClass" name="runScenario" time="18.333"/>
  <testcase classname="testRunner.RunnerClass" name="runScenario" time="4.015"/>
  <testcase classname="testRunner.RunnerClass" name="runScenario" time="4.119"/>
  <testcase classname="testRunner.RunnerClass" name="runScenario" time="4.128"/>
  <testcase classname="testRunner.RunnerClass" name="runScenario" time="19.254"/>
  <testcase classname="testRunner.RunnerClass" name="runScenario" time="9.275"/>
  <testcase classname="testRunner.RunnerClass" name="runScenario" time="11.758"/>
  <testcase classname="testRunner.RunnerClass" name="runScenario" time="13.522"/>
  <testcase classname="testRunner.RunnerClass" name="runScenario" time="3.960"/>
  <testcase classname="testRunner.RunnerClass" name="runScenario" time="8.878"/>
  <testcase classname="testRunner.RunnerClass" name="runScenario" time="13.016"/>
  <testcase classname="testRunner.RunnerClass" name="runScenario" time="6.256">
    <error message="no such element: Unable to locate element: {&quot;method&quot;:&quot;xpath&quot;,&quot;selector&quot;:&quot;//table[@class=&#039;mt-0 border-2 border-white w-max &#039;]&quot;}
  (Session info: chrome=132.0.6834.83)
For documentation on this error, please visit: https://www.selenium.dev/documentation/webdriver/troubleshooting/errors#no-such-element-exception
Build info: version: &#039;4.27.0&#039;, revision: &#039;d6e718d134&#039;
System info: os.name: &#039;Windows 11&#039;, os.arch: &#039;amd64&#039;, os.version: &#039;10.0&#039;, java.version: &#039;23.0.1&#039;
Driver info: org.openqa.selenium.chrome.ChromeDriver
Command: [587b1b7f35dfc3ab68a57033f7db4971, findElement {value=//table[@class=&#039;mt-0 border-2 border-white w-max &#039;], using=xpath}]
Capabilities {acceptInsecureCerts: false, browserName: chrome, browserVersion: 132.0.6834.83, chrome: {chromedriverVersion: 132.0.6834.83 (03d59cf5ecf1..., userDataDir: C:\Users\SKANNI~1\AppData\L...}, fedcm:accounts: true, goog:chromeOptions: {debuggerAddress: localhost:52111}, networkConnectionEnabled: false, pageLoadStrategy: normal, platformName: windows, proxy: Proxy(), se:cdp: ws://localhost:52111/devtoo..., se:cdpVersion: 132.0.6834.83, setWindowRect: true, strictFileInteractability: false, timeouts: {implicit: 0, pageLoad: 300000, script: 30000}, unhandledPromptBehavior: dismiss and notify, webauthn:extension:credBlob: true, webauthn:extension:largeBlob: true, webauthn:extension:minPinLength: true, webauthn:extension:prf: true, webauthn:virtualAuthenticators: true}
Session ID: 587b1b7f35dfc3ab68a57033f7db4971" type="org.openqa.selenium.NoSuchElementException">
      <![CDATA[org.openqa.selenium.NoSuchElementException: no such element: Unable to locate element: {"method":"xpath","selector":"//table[@class='mt-0 border-2 border-white w-max ']"}
  (Session info: chrome=132.0.6834.83)
For documentation on this error, please visit: https://www.selenium.dev/documentation/webdriver/troubleshooting/errors#no-such-element-exception
Build info: version: '4.27.0', revision: 'd6e718d134'
System info: os.name: 'Windows 11', os.arch: 'amd64', os.version: '10.0', java.version: '23.0.1'
Driver info: org.openqa.selenium.chrome.ChromeDriver
Command: [587b1b7f35dfc3ab68a57033f7db4971, findElement {value=//table[@class='mt-0 border-2 border-white w-max '], using=xpath}]
Capabilities {acceptInsecureCerts: false, browserName: chrome, browserVersion: 132.0.6834.83, chrome: {chromedriverVersion: 132.0.6834.83 (03d59cf5ecf1..., userDataDir: C:\Users\SKANNI~1\AppData\L...}, fedcm:accounts: true, goog:chromeOptions: {debuggerAddress: localhost:52111}, networkConnectionEnabled: false, pageLoadStrategy: normal, platformName: windows, proxy: Proxy(), se:cdp: ws://localhost:52111/devtoo..., se:cdpVersion: 132.0.6834.83, setWindowRect: true, strictFileInteractability: false, timeouts: {implicit: 0, pageLoad: 300000, script: 30000}, unhandledPromptBehavior: dismiss and notify, webauthn:extension:credBlob: true, webauthn:extension:largeBlob: true, webauthn:extension:minPinLength: true, webauthn:extension:prf: true, webauthn:virtualAuthenticators: true}
Session ID: 587b1b7f35dfc3ab68a57033f7db4971
at java.base/jdk.internal.reflect.DirectConstructorHandleAccessor.newInstance(DirectConstructorHandleAccessor.java:62)
at java.base/java.lang.reflect.Constructor.newInstanceWithCaller(Constructor.java:501)
at java.base/java.lang.reflect.Constructor.newInstance(Constructor.java:485)
at org.openqa.selenium.remote.ErrorCodec.decode(ErrorCodec.java:167)
at org.openqa.selenium.remote.codec.w3c.W3CHttpResponseCodec.decode(W3CHttpResponseCodec.java:138)
at org.openqa.selenium.remote.codec.w3c.W3CHttpResponseCodec.decode(W3CHttpResponseCodec.java:50)
at org.openqa.selenium.remote.HttpCommandExecutor.execute(HttpCommandExecutor.java:190)
at org.openqa.selenium.remote.service.DriverCommandExecutor.invokeExecute(DriverCommandExecutor.java:216)
at org.openqa.selenium.remote.service.DriverCommandExecutor.execute(DriverCommandExecutor.java:174)
at org.openqa.selenium.remote.RemoteWebDriver.execute(RemoteWebDriver.java:545)
at org.openqa.selenium.remote.ElementLocation$ElementFinder$2.findElement(ElementLocation.java:165)
at org.openqa.selenium.remote.ElementLocation.findElement(ElementLocation.java:59)
at org.openqa.selenium.remote.RemoteWebDriver.findElement(RemoteWebDriver.java:368)
at org.openqa.selenium.remote.RemoteWebDriver.findElement(RemoteWebDriver.java:362)
at stepDefinition.F07_DeleteRegUsers.userSelectTheUserDetailsAndDelete(F07_DeleteRegUsers.java:32)
at âœ½.User select the UserDetails and delete(file:///C:/Users/skanniyappan/git/ExpleoSurance/src/test/resources/feature07_deleteRegUsers.feature:7)
]]>
    </error>
  </testcase> <!-- runScenario -->
  <testcase classname="testRunner.RunnerClass" name="runScenario" time="12.138"/>
  <testcase classname="testRunner.RunnerClass" name="runScenario" time="13.726"/>
  <testcase classname="testRunner.RunnerClass" name="runScenario" time="11.906"/>
  <testcase classname="testRunner.RunnerClass" name="runScenario" time="13.637"/>
  <testcase classname="testRunner.RunnerClass" name="runScenario" time="7.229"/>
  <testcase classname="testRunner.RunnerClass" name="runScenario" time="18.878"/>
</testsuite> <!-- testRunner.RunnerClass -->
